Using pre-set license
Built from '2020.2/release' branch; Version is '2020.2.1f1 (270dd8c3da1c) revision 2559448'; Using compiler version '192528614'; Build Type 'Release'
OS: 'Windows 10  (10.0.0) 64bit' Language: 'es' Physical Memory: 16245 MB
BatchMode: 1, IsHumanControllingUs: 0, StartBugReporterOnCrash: 0, Is64bit: 1, IsPro: 0

 COMMAND LINE ARGUMENTS:
C:\Program Files\Unityprog\2020.2.1f1\Editor\Unity.exe
-adb2
-batchMode
-noUpm
-name
AssetImportWorker0
-projectPath
C:/Users/Jean/Documents/GitHub/RABACHILLER/Proyecto Realidad Aumentada
-logFile
Logs/AssetImportWorker0.log
-srvPort
59532
Successfully changed project path to: C:/Users/Jean/Documents/GitHub/RABACHILLER/Proyecto Realidad Aumentada
C:/Users/Jean/Documents/GitHub/RABACHILLER/Proyecto Realidad Aumentada
Using Asset Import Pipeline V2.
Refreshing native plugins compatible for Editor in 54.37 ms, found 1 plugins.
Preloading 0 native plugins for Editor in 0.00 ms.
Initialize engine version: 2020.2.1f1 (270dd8c3da1c)
[Subsystems] Discovering subsystems at path C:/Program Files/Unityprog/2020.2.1f1/Editor/Data/Resources/UnitySubsystems
[Subsystems] Discovering subsystems at path C:/Users/Jean/Documents/GitHub/RABACHILLER/Proyecto Realidad Aumentada/Assets
GfxDevice: creating device client; threaded=0
Direct3D:
    Version:  Direct3D 11.0 [level 11.1]
    Renderer: Intel(R) UHD Graphics 630 (ID=0x3e98)
    Vendor:   
    VRAM:     8122 MB
    Driver:   27.20.100.8681
Initialize mono
Mono path[0] = 'C:/Program Files/Unityprog/2020.2.1f1/Editor/Data/Managed'
Mono path[1] = 'C:/Program Files/Unityprog/2020.2.1f1/Editor/Data/MonoBleedingEdge/lib/mono/unityjit'
Mono config path = 'C:/Program Files/Unityprog/2020.2.1f1/Editor/Data/MonoBleedingEdge/etc'
Using monoOptions --debugger-agent=transport=dt_socket,embedding=1,server=y,suspend=n,address=127.0.0.1:56772
Begin MonoManager ReloadAssembly
Registering precompiled unity dll's ...
Register platform support module: C:/Program Files/Unityprog/2020.2.1f1/Editor/Data/PlaybackEngines/WindowsStandaloneSupport/UnityEditor.WindowsStandalone.Extensions.dll
Registered in 0.001605 seconds.
Native extension for WindowsStandalone target not found
Refreshing native plugins compatible for Editor in 52.38 ms, found 1 plugins.
Preloading 0 native plugins for Editor in 0.00 ms.
Invoked RoslynAnalysisRunner static constructor.
RoslynAnalysisRunner will not be running.
RoslynAnalysisRunner has terminated.
Mono: successfully reloaded assembly
- Completed reload, in  1.996 seconds
Platform modules already initialized, skipping
Registering precompiled user dll's ...
Registered in 0.001277 seconds.
Begin MonoManager ReloadAssembly
Native extension for WindowsStandalone target not found
Refreshing native plugins compatible for Editor in 0.26 ms, found 1 plugins.
Preloading 0 native plugins for Editor in 0.00 ms.
Invoked RoslynAnalysisRunner static constructor.
RoslynAnalysisRunner will not be running.
RoslynAnalysisRunner has terminated.
Mono: successfully reloaded assembly
- Completed reload, in  0.663 seconds
Platform modules already initialized, skipping
========================================================================
Worker process is ready to serve import requests
Launched and connected shader compiler UnityShaderCompiler.exe after 0.02 seconds
Refreshing native plugins compatible for Editor in 0.28 ms, found 1 plugins.
Preloading 0 native plugins for Editor in 0.00 ms.
Unloading 1168 Unused Serialized files (Serialized files now loaded: 0)
System memory in use before: 60.0 MB.
System memory in use after: 60.0 MB.

Unloading 20 unused Assets to reduce memory usage. Loaded Objects now: 1599.
Total: 1.455500 ms (FindLiveObjects: 0.103700 ms CreateObjectMapping: 0.029700 ms MarkObjects: 1.235200 ms  DeleteObjects: 0.086100 ms)

========================================================================
Received Import Request.
  path: Assets/QuizManager.cs
  artifactKey: Guid(3876a929cf838304bacb1bc2f8cfcde5) Importer(815301076,1909f56bfc062723c751e8b465ee728b)
Start importing Assets/QuizManager.cs using Guid(3876a929cf838304bacb1bc2f8cfcde5) Importer(815301076,1909f56bfc062723c751e8b465ee728b)  -> (artifact id: 'd6932b3b5a40181e2edc02583e78c0f5') in 0.023025 seconds
  Import took 0.024757 seconds .

========================================================================
Received Prepare
Refreshing native plugins compatible for Editor in 4.21 ms, found 1 plugins.
Preloading 0 native plugins for Editor in 0.00 ms.
Unloading 13 Unused Serialized files (Serialized files now loaded: 0)
System memory in use before: 36.7 MB.
System memory in use after: 36.7 MB.

Unloading 13 unused Assets to reduce memory usage. Loaded Objects now: 1599.
Total: 2.660400 ms (FindLiveObjects: 0.135100 ms CreateObjectMapping: 0.038600 ms MarkObjects: 2.398800 ms  DeleteObjects: 0.086800 ms)

========================================================================
Received Prepare
Registering precompiled user dll's ...
Registered in 0.001387 seconds.
Begin MonoManager ReloadAssembly
Native extension for WindowsStandalone target not found
Refreshing native plugins compatible for Editor in 0.60 ms, found 1 plugins.
Preloading 0 native plugins for Editor in 0.00 ms.
Invoked RoslynAnalysisRunner static constructor.
RoslynAnalysisRunner will not be running.
RoslynAnalysisRunner has terminated.
Mono: successfully reloaded assembly
- Completed reload, in  1.050 seconds
Platform modules already initialized, skipping
Refreshing native plugins compatible for Editor in 0.59 ms, found 1 plugins.
Preloading 0 native plugins for Editor in 0.00 ms.
Unloading 1156 Unused Serialized files (Serialized files now loaded: 0)
System memory in use before: 59.8 MB.
System memory in use after: 59.9 MB.

Unloading 15 unused Assets to reduce memory usage. Loaded Objects now: 1601.
Total: 3.581800 ms (FindLiveObjects: 0.225200 ms CreateObjectMapping: 0.095400 ms MarkObjects: 3.206900 ms  DeleteObjects: 0.051000 ms)

========================================================================
Received Import Request.
  Time since last request: 659.452846 seconds.
  path: Assets/QuestionAndAnswers.cs
  artifactKey: Guid(f5b4fa050cfdd83409b47de732f2e074) Importer(815301076,1909f56bfc062723c751e8b465ee728b)
Start importing Assets/QuestionAndAnswers.cs using Guid(f5b4fa050cfdd83409b47de732f2e074) Importer(815301076,1909f56bfc062723c751e8b465ee728b)  -> (artifact id: '10035b25271b7e4f7821d1b1fa4a095d') in 0.007890 seconds
  Import took 0.009640 seconds .

========================================================================
Received Import Request.
  Time since last request: 0.002302 seconds.
  path: Assets/QuestionAndAnswers.cs
  artifactKey: Guid(f5b4fa050cfdd83409b47de732f2e074) Importer(815301076,1909f56bfc062723c751e8b465ee728b)
Start importing Assets/QuestionAndAnswers.cs using Guid(f5b4fa050cfdd83409b47de732f2e074) Importer(815301076,1909f56bfc062723c751e8b465ee728b)  -> (artifact id: '10035b25271b7e4f7821d1b1fa4a095d') in 0.003062 seconds
  Import took 0.005281 seconds .

========================================================================
Received Import Request.
  Time since last request: 4.698323 seconds.
  path: Assets/AnswerScript.cs
  artifactKey: Guid(4358785698523d943a216044f34479ba) Importer(815301076,1909f56bfc062723c751e8b465ee728b)
Start importing Assets/AnswerScript.cs using Guid(4358785698523d943a216044f34479ba) Importer(815301076,1909f56bfc062723c751e8b465ee728b)  -> (artifact id: 'd13ae24ec333d3e0aa73972a122f0705') in 0.005418 seconds
  Import took 0.007092 seconds .

========================================================================
Received Import Request.
  Time since last request: 0.001474 seconds.
  path: Assets/AnswerScript.cs
  artifactKey: Guid(4358785698523d943a216044f34479ba) Importer(815301076,1909f56bfc062723c751e8b465ee728b)
Start importing Assets/AnswerScript.cs using Guid(4358785698523d943a216044f34479ba) Importer(815301076,1909f56bfc062723c751e8b465ee728b)  -> (artifact id: 'd13ae24ec333d3e0aa73972a122f0705') in 0.002513 seconds
  Import took 0.004573 seconds .

========================================================================
Received Import Request.
  Time since last request: 188.269156 seconds.
  path: Assets/EasyAR/Resources/EasyAR/Materials/PointCloudParticle.mat
  artifactKey: Guid(ac14b70669cba9e4cadf1b7536c5ee01) Importer(815301076,1909f56bfc062723c751e8b465ee728b)
Start importing Assets/EasyAR/Resources/EasyAR/Materials/PointCloudParticle.mat using Guid(ac14b70669cba9e4cadf1b7536c5ee01) Importer(815301076,1909f56bfc062723c751e8b465ee728b)  -> (artifact id: '725e707fc4efdc1f46fa0d33f243461d') in 0.121433 seconds
  Import took 0.123567 seconds .

========================================================================
Received Import Request.
  Time since last request: 0.001132 seconds.
  path: Assets/EasyAR/Resources/EasyAR/Materials/PointCloudParticle.mat
  artifactKey: Guid(ac14b70669cba9e4cadf1b7536c5ee01) Importer(815301076,1909f56bfc062723c751e8b465ee728b)
Start importing Assets/EasyAR/Resources/EasyAR/Materials/PointCloudParticle.mat using Guid(ac14b70669cba9e4cadf1b7536c5ee01) Importer(815301076,1909f56bfc062723c751e8b465ee728b)  -> (artifact id: '725e707fc4efdc1f46fa0d33f243461d') in 0.008771 seconds
  Import took 0.010670 seconds .

========================================================================
Received Prepare
Registering precompiled user dll's ...
Registered in 0.000645 seconds.
Begin MonoManager ReloadAssembly
Native extension for WindowsStandalone target not found
Refreshing native plugins compatible for Editor in 0.48 ms, found 1 plugins.
Preloading 0 native plugins for Editor in 0.00 ms.
Invoked RoslynAnalysisRunner static constructor.
RoslynAnalysisRunner will not be running.
RoslynAnalysisRunner has terminated.
Mono: successfully reloaded assembly
- Completed reload, in  0.600 seconds
Platform modules already initialized, skipping
Refreshing native plugins compatible for Editor in 0.26 ms, found 1 plugins.
Preloading 0 native plugins for Editor in 0.00 ms.
Unloading 1157 Unused Serialized files (Serialized files now loaded: 0)
System memory in use before: 63.4 MB.
System memory in use after: 63.5 MB.

Unloading 16 unused Assets to reduce memory usage. Loaded Objects now: 1644.
Total: 1.909700 ms (FindLiveObjects: 0.177700 ms CreateObjectMapping: 0.077100 ms MarkObjects: 1.585300 ms  DeleteObjects: 0.068000 ms)

========================================================================
Received Prepare
Registering precompiled user dll's ...
Registered in 0.000599 seconds.
Begin MonoManager ReloadAssembly
Native extension for WindowsStandalone target not found
Refreshing native plugins compatible for Editor in 0.26 ms, found 1 plugins.
Preloading 0 native plugins for Editor in 0.00 ms.
Invoked RoslynAnalysisRunner static constructor.
RoslynAnalysisRunner will not be running.
RoslynAnalysisRunner has terminated.
Mono: successfully reloaded assembly
- Completed reload, in  0.623 seconds
Platform modules already initialized, skipping
Refreshing native plugins compatible for Editor in 0.26 ms, found 1 plugins.
Preloading 0 native plugins for Editor in 0.00 ms.
Unloading 1157 Unused Serialized files (Serialized files now loaded: 0)
System memory in use before: 63.5 MB.
System memory in use after: 63.6 MB.

Unloading 15 unused Assets to reduce memory usage. Loaded Objects now: 1646.
Total: 1.639300 ms (FindLiveObjects: 0.137200 ms CreateObjectMapping: 0.028100 ms MarkObjects: 1.376400 ms  DeleteObjects: 0.097000 ms)

========================================================================
Received Prepare
Registering precompiled user dll's ...
Registered in 0.001515 seconds.
Begin MonoManager ReloadAssembly
Native extension for WindowsStandalone target not found
Refreshing native plugins compatible for Editor in 0.81 ms, found 1 plugins.
Preloading 0 native plugins for Editor in 0.00 ms.
Invoked RoslynAnalysisRunner static constructor.
RoslynAnalysisRunner will not be running.
RoslynAnalysisRunner has terminated.
Mono: successfully reloaded assembly
- Completed reload, in  1.057 seconds
Platform modules already initialized, skipping
Refreshing native plugins compatible for Editor in 0.58 ms, found 1 plugins.
Preloading 0 native plugins for Editor in 0.00 ms.
Unloading 1157 Unused Serialized files (Serialized files now loaded: 0)
System memory in use before: 64.0 MB.
System memory in use after: 64.0 MB.

Unloading 15 unused Assets to reduce memory usage. Loaded Objects now: 1648.
Total: 2.831500 ms (FindLiveObjects: 0.222700 ms CreateObjectMapping: 0.111300 ms MarkObjects: 2.391700 ms  DeleteObjects: 0.103500 ms)

========================================================================
Received Prepare
Registering precompiled user dll's ...
Registered in 0.000988 seconds.
Begin MonoManager ReloadAssembly
Native extension for WindowsStandalone target not found
Refreshing native plugins compatible for Editor in 0.31 ms, found 1 plugins.
Preloading 0 native plugins for Editor in 0.00 ms.
Invoked RoslynAnalysisRunner static constructor.
RoslynAnalysisRunner will not be running.
RoslynAnalysisRunner has terminated.
Mono: successfully reloaded assembly
- Completed reload, in  1.054 seconds
Platform modules already initialized, skipping
Refreshing native plugins compatible for Editor in 0.36 ms, found 1 plugins.
Preloading 0 native plugins for Editor in 0.00 ms.
Unloading 1157 Unused Serialized files (Serialized files now loaded: 0)
System memory in use before: 64.2 MB.
System memory in use after: 64.3 MB.

Unloading 15 unused Assets to reduce memory usage. Loaded Objects now: 1650.
Total: 3.034300 ms (FindLiveObjects: 0.339100 ms CreateObjectMapping: 0.264300 ms MarkObjects: 2.347200 ms  DeleteObjects: 0.081900 ms)

========================================================================
Received Prepare
Registering precompiled user dll's ...
Registered in 0.001036 seconds.
Begin MonoManager ReloadAssembly
Native extension for WindowsStandalone target not found
Refreshing native plugins compatible for Editor in 0.68 ms, found 1 plugins.
Preloading 0 native plugins for Editor in 0.00 ms.
Invoked RoslynAnalysisRunner static constructor.
RoslynAnalysisRunner will not be running.
RoslynAnalysisRunner has terminated.
Mono: successfully reloaded assembly
- Completed reload, in  1.121 seconds
Platform modules already initialized, skipping
Refreshing native plugins compatible for Editor in 0.63 ms, found 1 plugins.
Preloading 0 native plugins for Editor in 0.00 ms.
Unloading 1157 Unused Serialized files (Serialized files now loaded: 0)
System memory in use before: 64.5 MB.
System memory in use after: 64.6 MB.

Unloading 15 unused Assets to reduce memory usage. Loaded Objects now: 1652.
Total: 3.087800 ms (FindLiveObjects: 0.206200 ms CreateObjectMapping: 0.053600 ms MarkObjects: 2.672100 ms  DeleteObjects: 0.152300 ms)

========================================================================
Received Prepare
Registering precompiled user dll's ...
Registered in 0.000622 seconds.
Begin MonoManager ReloadAssembly
Native extension for WindowsStandalone target not found
Refreshing native plugins compatible for Editor in 0.30 ms, found 1 plugins.
Preloading 0 native plugins for Editor in 0.00 ms.
Invoked RoslynAnalysisRunner static constructor.
RoslynAnalysisRunner will not be running.
RoslynAnalysisRunner has terminated.
Mono: successfully reloaded assembly
- Completed reload, in  0.796 seconds
Platform modules already initialized, skipping
Refreshing native plugins compatible for Editor in 0.65 ms, found 1 plugins.
Preloading 0 native plugins for Editor in 0.00 ms.
Unloading 1157 Unused Serialized files (Serialized files now loaded: 0)
System memory in use before: 64.6 MB.
System memory in use after: 64.6 MB.

Unloading 15 unused Assets to reduce memory usage. Loaded Objects now: 1654.
Total: 3.958600 ms (FindLiveObjects: 0.418300 ms CreateObjectMapping: 0.107300 ms MarkObjects: 3.281500 ms  DeleteObjects: 0.149200 ms)

========================================================================
Received Prepare
Registering precompiled user dll's ...
Registered in 0.000663 seconds.
Begin MonoManager ReloadAssembly
Native extension for WindowsStandalone target not found
Refreshing native plugins compatible for Editor in 0.29 ms, found 1 plugins.
Preloading 0 native plugins for Editor in 0.00 ms.
Invoked RoslynAnalysisRunner static constructor.
RoslynAnalysisRunner will not be running.
RoslynAnalysisRunner has terminated.
Mono: successfully reloaded assembly
- Completed reload, in  0.865 seconds
Platform modules already initialized, skipping
Refreshing native plugins compatible for Editor in 0.25 ms, found 1 plugins.
Preloading 0 native plugins for Editor in 0.00 ms.
Unloading 1157 Unused Serialized files (Serialized files now loaded: 0)
System memory in use before: 64.0 MB.
System memory in use after: 64.1 MB.

Unloading 15 unused Assets to reduce memory usage. Loaded Objects now: 1656.
Total: 2.641100 ms (FindLiveObjects: 0.332900 ms CreateObjectMapping: 0.135300 ms MarkObjects: 2.093900 ms  DeleteObjects: 0.077000 ms)

========================================================================
Received Prepare
Registering precompiled user dll's ...
Registered in 0.001310 seconds.
Begin MonoManager ReloadAssembly
Native extension for WindowsStandalone target not found
Refreshing native plugins compatible for Editor in 0.63 ms, found 1 plugins.
Preloading 0 native plugins for Editor in 0.00 ms.
Invoked RoslynAnalysisRunner static constructor.
RoslynAnalysisRunner will not be running.
RoslynAnalysisRunner has terminated.
Mono: successfully reloaded assembly
- Completed reload, in  1.103 seconds
Platform modules already initialized, skipping
Refreshing native plugins compatible for Editor in 0.53 ms, found 1 plugins.
Preloading 0 native plugins for Editor in 0.00 ms.
Unloading 1157 Unused Serialized files (Serialized files now loaded: 0)
System memory in use before: 64.3 MB.
System memory in use after: 64.3 MB.

Unloading 15 unused Assets to reduce memory usage. Loaded Objects now: 1658.
Total: 2.675000 ms (FindLiveObjects: 0.168100 ms CreateObjectMapping: 0.037400 ms MarkObjects: 2.397300 ms  DeleteObjects: 0.070300 ms)

========================================================================
Received Prepare
Registering precompiled user dll's ...
Registered in 0.000659 seconds.
Begin MonoManager ReloadAssembly
Native extension for WindowsStandalone target not found
Refreshing native plugins compatible for Editor in 0.26 ms, found 1 plugins.
Preloading 0 native plugins for Editor in 0.00 ms.
Invoked RoslynAnalysisRunner static constructor.
RoslynAnalysisRunner will not be running.
RoslynAnalysisRunner has terminated.
Mono: successfully reloaded assembly
- Completed reload, in  0.626 seconds
Platform modules already initialized, skipping
Refreshing native plugins compatible for Editor in 0.26 ms, found 1 plugins.
Preloading 0 native plugins for Editor in 0.00 ms.
Unloading 1157 Unused Serialized files (Serialized files now loaded: 0)
System memory in use before: 64.5 MB.
System memory in use after: 64.6 MB.

Unloading 15 unused Assets to reduce memory usage. Loaded Objects now: 1660.
Total: 3.990400 ms (FindLiveObjects: 0.381900 ms CreateObjectMapping: 0.135400 ms MarkObjects: 3.385300 ms  DeleteObjects: 0.085600 ms)

AssetImportWorkerClient::OnTransportError - code=2 error=End of file
