Using pre-set license
Built from '2020.2/release' branch; Version is '2020.2.1f1 (270dd8c3da1c) revision 2559448'; Using compiler version '192528614'; Build Type 'Release'
OS: 'Windows 10  (10.0.0) 64bit' Language: 'es' Physical Memory: 16245 MB
BatchMode: 1, IsHumanControllingUs: 0, StartBugReporterOnCrash: 0, Is64bit: 1, IsPro: 0

 COMMAND LINE ARGUMENTS:
C:\Program Files\Unityprog\2020.2.1f1\Editor\Unity.exe
-adb2
-batchMode
-noUpm
-name
AssetImportWorker0
-projectPath
C:/Users/Jean/Documents/GitHub/RABACHILLER/Proyecto Realidad Aumentada
-logFile
Logs/AssetImportWorker0.log
-srvPort
63077
Successfully changed project path to: C:/Users/Jean/Documents/GitHub/RABACHILLER/Proyecto Realidad Aumentada
C:/Users/Jean/Documents/GitHub/RABACHILLER/Proyecto Realidad Aumentada
Using Asset Import Pipeline V2.
Refreshing native plugins compatible for Editor in 35.18 ms, found 1 plugins.
Preloading 0 native plugins for Editor in 0.00 ms.
Initialize engine version: 2020.2.1f1 (270dd8c3da1c)
[Subsystems] Discovering subsystems at path C:/Program Files/Unityprog/2020.2.1f1/Editor/Data/Resources/UnitySubsystems
[Subsystems] Discovering subsystems at path C:/Users/Jean/Documents/GitHub/RABACHILLER/Proyecto Realidad Aumentada/Assets
GfxDevice: creating device client; threaded=0
Direct3D:
    Version:  Direct3D 11.0 [level 11.1]
    Renderer: Intel(R) UHD Graphics 630 (ID=0x3e98)
    Vendor:   
    VRAM:     8122 MB
    Driver:   27.20.100.8681
Initialize mono
Mono path[0] = 'C:/Program Files/Unityprog/2020.2.1f1/Editor/Data/Managed'
Mono path[1] = 'C:/Program Files/Unityprog/2020.2.1f1/Editor/Data/MonoBleedingEdge/lib/mono/unityjit'
Mono config path = 'C:/Program Files/Unityprog/2020.2.1f1/Editor/Data/MonoBleedingEdge/etc'
Using monoOptions --debugger-agent=transport=dt_socket,embedding=1,server=y,suspend=n,address=127.0.0.1:56476
Begin MonoManager ReloadAssembly
Registering precompiled unity dll's ...
Register platform support module: C:/Program Files/Unityprog/2020.2.1f1/Editor/Data/PlaybackEngines/WindowsStandaloneSupport/UnityEditor.WindowsStandalone.Extensions.dll
Registered in 0.001141 seconds.
Native extension for WindowsStandalone target not found
Refreshing native plugins compatible for Editor in 37.41 ms, found 1 plugins.
Preloading 0 native plugins for Editor in 0.00 ms.
Invoked RoslynAnalysisRunner static constructor.
RoslynAnalysisRunner will not be running.
RoslynAnalysisRunner has terminated.
Mono: successfully reloaded assembly
- Completed reload, in  1.389 seconds
Platform modules already initialized, skipping
Registering precompiled user dll's ...
Registered in 0.000641 seconds.
Begin MonoManager ReloadAssembly
Native extension for WindowsStandalone target not found
Refreshing native plugins compatible for Editor in 0.25 ms, found 1 plugins.
Preloading 0 native plugins for Editor in 0.00 ms.
Invoked RoslynAnalysisRunner static constructor.
RoslynAnalysisRunner will not be running.
RoslynAnalysisRunner has terminated.
Mono: successfully reloaded assembly
- Completed reload, in  0.610 seconds
Platform modules already initialized, skipping
========================================================================
Worker process is ready to serve import requests
Launched and connected shader compiler UnityShaderCompiler.exe after 0.02 seconds
Refreshing native plugins compatible for Editor in 0.25 ms, found 1 plugins.
Preloading 0 native plugins for Editor in 0.00 ms.
Unloading 1164 Unused Serialized files (Serialized files now loaded: 0)
System memory in use before: 59.9 MB.
System memory in use after: 59.9 MB.

Unloading 20 unused Assets to reduce memory usage. Loaded Objects now: 1595.
Total: 4.809500 ms (FindLiveObjects: 0.329300 ms CreateObjectMapping: 0.127200 ms MarkObjects: 4.167200 ms  DeleteObjects: 0.182900 ms)

========================================================================
Received Import Request.
  path: Assets/CANVAS/SCRIPTS
  artifactKey: Guid(ac5bd321ec6a99146997cb47dda66b45) Importer(815301076,1909f56bfc062723c751e8b465ee728b)
Start importing Assets/CANVAS/SCRIPTS using Guid(ac5bd321ec6a99146997cb47dda66b45) Importer(815301076,1909f56bfc062723c751e8b465ee728b)  -> (artifact id: '9d0e26227e47116feda137dea23e1746') in 0.017918 seconds
  Import took 0.022748 seconds .

========================================================================
Received Import Request.
  Time since last request: 7.022792 seconds.
  path: Assets/CANVAS/SCRIPTS/documento.cs
  artifactKey: Guid(9fd22793246609147847eed826ce9de6) Importer(815301076,1909f56bfc062723c751e8b465ee728b)
Start importing Assets/CANVAS/SCRIPTS/documento.cs using Guid(9fd22793246609147847eed826ce9de6) Importer(815301076,1909f56bfc062723c751e8b465ee728b)  -> (artifact id: '7dc29b492662312788b23ba7bf563d97') in 0.023970 seconds
  Import took 0.025744 seconds .

========================================================================
Received Prepare
Registering precompiled user dll's ...
Registered in 0.000790 seconds.
Begin MonoManager ReloadAssembly
Native extension for WindowsStandalone target not found
Refreshing native plugins compatible for Editor in 0.26 ms, found 1 plugins.
Preloading 0 native plugins for Editor in 0.00 ms.
Invoked RoslynAnalysisRunner static constructor.
RoslynAnalysisRunner will not be running.
RoslynAnalysisRunner has terminated.
Mono: successfully reloaded assembly
- Completed reload, in  0.641 seconds
Platform modules already initialized, skipping
Refreshing native plugins compatible for Editor in 0.26 ms, found 1 plugins.
Preloading 0 native plugins for Editor in 0.00 ms.
Unloading 1153 Unused Serialized files (Serialized files now loaded: 0)
System memory in use before: 59.5 MB.
System memory in use after: 59.6 MB.

Unloading 15 unused Assets to reduce memory usage. Loaded Objects now: 1598.
Total: 1.442300 ms (FindLiveObjects: 0.111300 ms CreateObjectMapping: 0.032300 ms MarkObjects: 1.260400 ms  DeleteObjects: 0.037600 ms)

========================================================================
Received Prepare
Registering precompiled user dll's ...
Registered in 0.000691 seconds.
Begin MonoManager ReloadAssembly
Native extension for WindowsStandalone target not found
Refreshing native plugins compatible for Editor in 0.25 ms, found 1 plugins.
Preloading 0 native plugins for Editor in 0.00 ms.
Invoked RoslynAnalysisRunner static constructor.
RoslynAnalysisRunner will not be running.
RoslynAnalysisRunner has terminated.
Mono: successfully reloaded assembly
- Completed reload, in  0.579 seconds
Platform modules already initialized, skipping
Refreshing native plugins compatible for Editor in 0.26 ms, found 1 plugins.
Preloading 0 native plugins for Editor in 0.00 ms.
Unloading 1154 Unused Serialized files (Serialized files now loaded: 0)
System memory in use before: 59.8 MB.
System memory in use after: 59.9 MB.

Unloading 15 unused Assets to reduce memory usage. Loaded Objects now: 1600.
Total: 2.738300 ms (FindLiveObjects: 0.257500 ms CreateObjectMapping: 0.094300 ms MarkObjects: 2.347900 ms  DeleteObjects: 0.036700 ms)

========================================================================
Received Import Request.
  Time since last request: 97.583241 seconds.
  path: Assets/CANVAS/SCRIPTS/documento.cs
  artifactKey: Guid(9fd22793246609147847eed826ce9de6) Importer(815301076,1909f56bfc062723c751e8b465ee728b)
Start importing Assets/CANVAS/SCRIPTS/documento.cs using Guid(9fd22793246609147847eed826ce9de6) Importer(815301076,1909f56bfc062723c751e8b465ee728b)  -> (artifact id: 'b9bc999620ecfdabe50aaebc1c42fc05') in 0.004054 seconds
  Import took 0.005720 seconds .

========================================================================
Received Prepare
Registering precompiled user dll's ...
Registered in 0.001257 seconds.
Begin MonoManager ReloadAssembly
Native extension for WindowsStandalone target not found
Refreshing native plugins compatible for Editor in 0.55 ms, found 1 plugins.
Preloading 0 native plugins for Editor in 0.00 ms.
Invoked RoslynAnalysisRunner static constructor.
RoslynAnalysisRunner will not be running.
RoslynAnalysisRunner has terminated.
Mono: successfully reloaded assembly
- Completed reload, in  1.009 seconds
Platform modules already initialized, skipping
Refreshing native plugins compatible for Editor in 0.32 ms, found 1 plugins.
Preloading 0 native plugins for Editor in 0.00 ms.
Unloading 1154 Unused Serialized files (Serialized files now loaded: 0)
System memory in use before: 60.0 MB.
System memory in use after: 60.1 MB.

Unloading 15 unused Assets to reduce memory usage. Loaded Objects now: 1602.
Total: 3.017100 ms (FindLiveObjects: 0.250400 ms CreateObjectMapping: 0.099600 ms MarkObjects: 2.554100 ms  DeleteObjects: 0.108900 ms)

========================================================================
Received Prepare
Refreshing native plugins compatible for Editor in 2.38 ms, found 1 plugins.
Preloading 0 native plugins for Editor in 0.00 ms.
Unloading 16 Unused Serialized files (Serialized files now loaded: 0)
System memory in use before: 37.5 MB.
System memory in use after: 37.6 MB.

Unloading 13 unused Assets to reduce memory usage. Loaded Objects now: 1602.
Total: 1.510600 ms (FindLiveObjects: 0.119400 ms CreateObjectMapping: 0.033600 ms MarkObjects: 1.300900 ms  DeleteObjects: 0.055700 ms)

========================================================================
Received Prepare
Refreshing native plugins compatible for Editor in 2.54 ms, found 1 plugins.
Preloading 0 native plugins for Editor in 0.00 ms.
Unloading 13 Unused Serialized files (Serialized files now loaded: 0)
System memory in use before: 37.8 MB.
System memory in use after: 37.8 MB.

Unloading 13 unused Assets to reduce memory usage. Loaded Objects now: 1602.
Total: 1.865700 ms (FindLiveObjects: 0.124800 ms CreateObjectMapping: 0.085000 ms MarkObjects: 1.617000 ms  DeleteObjects: 0.037700 ms)

========================================================================
Received Import Request.
  Time since last request: 688.917565 seconds.
  path: Assets/CANVAS/SCRIPTS/salir.cs
  artifactKey: Guid(9cc538d490584eb4c911c7b1405ea785) Importer(815301076,1909f56bfc062723c751e8b465ee728b)
Start importing Assets/CANVAS/SCRIPTS/salir.cs using Guid(9cc538d490584eb4c911c7b1405ea785) Importer(815301076,1909f56bfc062723c751e8b465ee728b)  -> (artifact id: '2c7f17ff5717ddb3b7c7767577bee8c1') in 0.008146 seconds
  Import took 0.010214 seconds .

========================================================================
Received Prepare
Registering precompiled user dll's ...
Registered in 0.000667 seconds.
Begin MonoManager ReloadAssembly
Native extension for WindowsStandalone target not found
Refreshing native plugins compatible for Editor in 0.26 ms, found 1 plugins.
Preloading 0 native plugins for Editor in 0.00 ms.
Invoked RoslynAnalysisRunner static constructor.
RoslynAnalysisRunner will not be running.
RoslynAnalysisRunner has terminated.
Mono: successfully reloaded assembly
- Completed reload, in  0.613 seconds
Platform modules already initialized, skipping
Refreshing native plugins compatible for Editor in 0.27 ms, found 1 plugins.
Preloading 0 native plugins for Editor in 0.00 ms.
Unloading 1153 Unused Serialized files (Serialized files now loaded: 0)
System memory in use before: 60.6 MB.
System memory in use after: 60.7 MB.

Unloading 15 unused Assets to reduce memory usage. Loaded Objects now: 1604.
Total: 1.599400 ms (FindLiveObjects: 0.201100 ms CreateObjectMapping: 0.031400 ms MarkObjects: 1.320000 ms  DeleteObjects: 0.046100 ms)

========================================================================
Received Import Request.
  Time since last request: 960.976040 seconds.
  path: Assets/CANVAS/SCRIPTS/documento.cs
  artifactKey: Guid(9fd22793246609147847eed826ce9de6) Importer(815301076,1909f56bfc062723c751e8b465ee728b)
Start importing Assets/CANVAS/SCRIPTS/documento.cs using Guid(9fd22793246609147847eed826ce9de6) Importer(815301076,1909f56bfc062723c751e8b465ee728b)  -> (artifact id: '896c0edc348c3beba5a7266e451c1acc') in 0.004284 seconds
  Import took 0.005840 seconds .

========================================================================
Received Prepare
Registering precompiled user dll's ...
Registered in 0.000938 seconds.
Begin MonoManager ReloadAssembly
Native extension for WindowsStandalone target not found
Refreshing native plugins compatible for Editor in 0.58 ms, found 1 plugins.
Preloading 0 native plugins for Editor in 0.00 ms.
Invoked RoslynAnalysisRunner static constructor.
RoslynAnalysisRunner will not be running.
RoslynAnalysisRunner has terminated.
Mono: successfully reloaded assembly
- Completed reload, in  1.027 seconds
Platform modules already initialized, skipping
Refreshing native plugins compatible for Editor in 0.53 ms, found 1 plugins.
Preloading 0 native plugins for Editor in 0.00 ms.
Unloading 1154 Unused Serialized files (Serialized files now loaded: 0)
System memory in use before: 60.9 MB.
System memory in use after: 61.0 MB.

Unloading 15 unused Assets to reduce memory usage. Loaded Objects now: 1606.
Total: 3.093800 ms (FindLiveObjects: 0.240300 ms CreateObjectMapping: 0.051600 ms MarkObjects: 2.697500 ms  DeleteObjects: 0.100700 ms)

========================================================================
Received Prepare
Registering precompiled user dll's ...
Registered in 0.001130 seconds.
Begin MonoManager ReloadAssembly
Native extension for WindowsStandalone target not found
Refreshing native plugins compatible for Editor in 0.41 ms, found 1 plugins.
Preloading 0 native plugins for Editor in 0.00 ms.
Invoked RoslynAnalysisRunner static constructor.
RoslynAnalysisRunner will not be running.
RoslynAnalysisRunner has terminated.
Mono: successfully reloaded assembly
- Completed reload, in  1.019 seconds
Platform modules already initialized, skipping
Refreshing native plugins compatible for Editor in 0.51 ms, found 1 plugins.
Preloading 0 native plugins for Editor in 0.00 ms.
Unloading 1154 Unused Serialized files (Serialized files now loaded: 0)
System memory in use before: 61.1 MB.
System memory in use after: 61.2 MB.

Unloading 15 unused Assets to reduce memory usage. Loaded Objects now: 1608.
Total: 2.706500 ms (FindLiveObjects: 0.194300 ms CreateObjectMapping: 0.082600 ms MarkObjects: 2.307500 ms  DeleteObjects: 0.119100 ms)

AssetImportWorkerClient::OnTransportError - code=2 error=End of file
